This file contains any messages produced by compilers while
running configure, to aid debugging if configure makes a mistake.

It was created by libenet configure 1.3.0, which was
generated by GNU Autoconf 2.68.  Invocation command line was

  $ ./configure --enable-shared=no --enable-static=yes --no-create --no-recursion

## --------- ##
## Platform. ##
## --------- ##

hostname = bram-GAME-pc
uname -m = i686
uname -r = 3.0.0-16-generic-pae
uname -s = Linux
uname -v = #29-Ubuntu SMP Tue Feb 14 13:56:31 UTC 2012

/usr/bin/uname -p = unknown
/bin/uname -X     = unknown

/bin/arch              = unknown
/usr/bin/arch -k       = unknown
/usr/convex/getsysinfo = unknown
/usr/bin/hostinfo      = unknown
/bin/machine           = unknown
/usr/bin/oslevel       = unknown
/bin/universe          = unknown

PATH: /usr/lib/lightdm/lightdm
PATH: /usr/local/sbin
PATH: /usr/local/bin
PATH: /usr/sbin
PATH: /usr/bin
PATH: /sbin
PATH: /bin
PATH: /usr/games


## ----------- ##
## Core tests. ##
## ----------- ##

configure:2380: checking for a BSD-compatible install
configure:2448: result: /usr/bin/install -c
configure:2459: checking whether build environment is sane
configure:2509: result: yes
configure:2650: checking for a thread-safe mkdir -p
configure:2689: result: /bin/mkdir -p
configure:2702: checking for gawk
configure:2718: found /usr/bin/gawk
configure:2729: result: gawk
configure:2740: checking whether make sets $(MAKE)
configure:2762: result: yes
configure:2843: checking whether to disable maintainer-specific portions of Makefiles
configure:2852: result: yes
configure:2916: checking for gcc
configure:2932: found /usr/bin/gcc
configure:2943: result: gcc
configure:3172: checking for C compiler version
configure:3181: gcc --version >&5
gcc (Ubuntu/Linaro 4.6.1-9ubuntu3) 4.6.1
Copyright (C) 2011 Free Software Foundation, Inc.
This is free software; see the source for copying conditions.  There is NO
warranty; not even for MERCHANTABILITY or FITNESS FOR A PARTICULAR PURPOSE.

configure:3192: $? = 0
configure:3181: gcc -v >&5
Using built-in specs.
COLLECT_GCC=gcc
COLLECT_LTO_WRAPPER=/usr/lib/gcc/i686-linux-gnu/4.6.1/lto-wrapper
Target: i686-linux-gnu
Configured with: ../src/configure -v --with-pkgversion='Ubuntu/Linaro 4.6.1-9ubuntu3' --with-bugurl=file:///usr/share/doc/gcc-4.6/README.Bugs --enable-languages=c,c++,fortran,objc,obj-c++,go --prefix=/usr --program-suffix=-4.6 --enable-shared --enable-linker-build-id --with-system-zlib --libexecdir=/usr/lib --without-included-gettext --enable-threads=posix --with-gxx-include-dir=/usr/include/c++/4.6 --libdir=/usr/lib --enable-nls --with-sysroot=/ --enable-clocale=gnu --enable-libstdcxx-debug --enable-libstdcxx-time=yes --enable-plugin --enable-objc-gc --enable-targets=all --disable-werror --with-arch-32=i686 --with-tune=generic --enable-checking=release --build=i686-linux-gnu --host=i686-linux-gnu --target=i686-linux-gnu
Thread model: posix
gcc version 4.6.1 (Ubuntu/Linaro 4.6.1-9ubuntu3) 
configure:3192: $? = 0
configure:3181: gcc -V >&5
gcc: error: unrecognized option '-V'
gcc: fatal error: no input files
compilation terminated.
configure:3192: $? = 4
configure:3181: gcc -qversion >&5
gcc: error: unrecognized option '-qversion'
gcc: fatal error: no input files
compilation terminated.
configure:3192: $? = 4
configure:3212: checking whether the C compiler works
configure:3234: gcc    conftest.c  >&5
configure:3238: $? = 0
configure:3286: result: yes
configure:3289: checking for C compiler default output file name
configure:3291: result: a.out
configure:3297: checking for suffix of executables
configure:3304: gcc -o conftest    conftest.c  >&5
configure:3308: $? = 0
configure:3330: result: 
configure:3352: checking whether we are cross compiling
configure:3360: gcc -o conftest    conftest.c  >&5
configure:3364: $? = 0
configure:3371: ./conftest
configure:3375: $? = 0
configure:3390: result: no
configure:3395: checking for suffix of object files
configure:3417: gcc -c   conftest.c >&5
configure:3421: $? = 0
configure:3442: result: o
configure:3446: checking whether we are using the GNU C compiler
configure:3465: gcc -c   conftest.c >&5
configure:3465: $? = 0
configure:3474: result: yes
configure:3483: checking whether gcc accepts -g
configure:3503: gcc -c -g  conftest.c >&5
configure:3503: $? = 0
configure:3544: result: yes
configure:3561: checking for gcc option to accept ISO C89
configure:3625: gcc  -c -g -O2  conftest.c >&5
configure:3625: $? = 0
configure:3638: result: none needed
configure:3669: checking for style of include used by make
configure:3697: result: GNU
configure:3722: checking dependency style of gcc
configure:3832: result: gcc3
configure:3876: checking build system type
configure:3890: result: i686-pc-linux-gnu
configure:3910: checking host system type
configure:3923: result: i686-pc-linux-gnu
configure:3943: checking for a sed that does not truncate output
configure:4007: result: /bin/sed
configure:4025: checking for grep that handles long lines and -e
configure:4083: result: /bin/grep
configure:4088: checking for egrep
configure:4150: result: /bin/grep -E
configure:4155: checking for fgrep
configure:4217: result: /bin/grep -F
configure:4252: checking for ld used by gcc
configure:4319: result: /usr/bin/ld
configure:4326: checking if the linker (/usr/bin/ld) is GNU ld
configure:4341: result: yes
configure:4353: checking for BSD- or MS-compatible name lister (nm)
configure:4402: result: /usr/bin/nm -B
configure:4520: checking the name lister (/usr/bin/nm -B) interface
configure:4527: gcc -c -g -O2  conftest.c >&5
configure:4530: /usr/bin/nm -B "conftest.o"
configure:4533: output
00000000 B some_variable
configure:4540: result: BSD nm
configure:4543: checking whether ln -s works
configure:4547: result: yes
configure:4555: checking the maximum length of command line arguments
configure:4675: result: 805306365
configure:4692: checking whether the shell understands some XSI constructs
configure:4702: result: yes
configure:4706: checking whether the shell understands "+="
configure:4712: result: yes
configure:4747: checking for /usr/bin/ld option to reload object files
configure:4754: result: -r
configure:4823: checking for objdump
configure:4839: found /usr/bin/objdump
configure:4850: result: objdump
configure:4882: checking how to recognize dependent libraries
configure:5078: result: pass_all
configure:5138: checking for ar
configure:5154: found /usr/bin/ar
configure:5165: result: ar
configure:5243: checking for strip
configure:5259: found /usr/bin/strip
configure:5270: result: strip
configure:5342: checking for ranlib
configure:5358: found /usr/bin/ranlib
configure:5369: result: ranlib
configure:5459: checking command to parse /usr/bin/nm -B output from gcc object
configure:5577: gcc -c -g -O2  conftest.c >&5
configure:5580: $? = 0
configure:5584: /usr/bin/nm -B conftest.o \| sed -n -e 's/^.*[	 ]\([ABCDGIRSTW][ABCDGIRSTW]*\)[	 ][	 ]*\([_A-Za-z][_A-Za-z0-9]*\)$/\1 \2 \2/p' \> conftest.nm
configure:5587: $? = 0
configure:5641: gcc -o conftest -g -O2   conftest.c conftstm.o >&5
configure:5644: $? = 0
configure:5682: result: ok
configure:6491: checking how to run the C preprocessor
configure:6522: gcc -E  conftest.c
configure:6522: $? = 0
configure:6536: gcc -E  conftest.c
conftest.c:11:28: fatal error: ac_nonexistent.h: No such file or directory
compilation terminated.
configure:6536: $? = 1
configure: failed program was:
| /* confdefs.h */
| #define PACKAGE_NAME "libenet"
| #define PACKAGE_TARNAME "libenet"
| #define PACKAGE_VERSION "1.3.0"
| #define PACKAGE_STRING "libenet 1.3.0"
| #define PACKAGE_BUGREPORT ""
| #define PACKAGE_URL ""
| #define PACKAGE "libenet"
| #define VERSION "1.3.0"
| /* end confdefs.h.  */
| #include <ac_nonexistent.h>
configure:6561: result: gcc -E
configure:6581: gcc -E  conftest.c
configure:6581: $? = 0
configure:6595: gcc -E  conftest.c
conftest.c:11:28: fatal error: ac_nonexistent.h: No such file or directory
compilation terminated.
configure:6595: $? = 1
configure: failed program was:
| /* confdefs.h */
| #define PACKAGE_NAME "libenet"
| #define PACKAGE_TARNAME "libenet"
| #define PACKAGE_VERSION "1.3.0"
| #define PACKAGE_STRING "libenet 1.3.0"
| #define PACKAGE_BUGREPORT ""
| #define PACKAGE_URL ""
| #define PACKAGE "libenet"
| #define VERSION "1.3.0"
| /* end confdefs.h.  */
| #include <ac_nonexistent.h>
configure:6624: checking for ANSI C header files
configure:6644: gcc -c -g -O2  conftest.c >&5
configure:6644: $? = 0
configure:6717: gcc -o conftest -g -O2   conftest.c  >&5
configure:6717: $? = 0
configure:6717: ./conftest
configure:6717: $? = 0
configure:6728: result: yes
configure:6741: checking for sys/types.h
configure:6741: gcc -c -g -O2  conftest.c >&5
configure:6741: $? = 0
configure:6741: result: yes
configure:6741: checking for sys/stat.h
configure:6741: gcc -c -g -O2  conftest.c >&5
configure:6741: $? = 0
configure:6741: result: yes
configure:6741: checking for stdlib.h
configure:6741: gcc -c -g -O2  conftest.c >&5
configure:6741: $? = 0
configure:6741: result: yes
configure:6741: checking for string.h
configure:6741: gcc -c -g -O2  conftest.c >&5
configure:6741: $? = 0
configure:6741: result: yes
configure:6741: checking for memory.h
configure:6741: gcc -c -g -O2  conftest.c >&5
configure:6741: $? = 0
configure:6741: result: yes
configure:6741: checking for strings.h
configure:6741: gcc -c -g -O2  conftest.c >&5
configure:6741: $? = 0
configure:6741: result: yes
configure:6741: checking for inttypes.h
configure:6741: gcc -c -g -O2  conftest.c >&5
configure:6741: $? = 0
configure:6741: result: yes
configure:6741: checking for stdint.h
configure:6741: gcc -c -g -O2  conftest.c >&5
configure:6741: $? = 0
configure:6741: result: yes
configure:6741: checking for unistd.h
configure:6741: gcc -c -g -O2  conftest.c >&5
configure:6741: $? = 0
configure:6741: result: yes
configure:6755: checking for dlfcn.h
configure:6755: gcc -c -g -O2  conftest.c >&5
configure:6755: $? = 0
configure:6755: result: yes
configure:6939: checking for objdir
configure:6954: result: .libs
configure:7250: checking if gcc supports -fno-rtti -fno-exceptions
configure:7268: gcc -c -g -O2  -fno-rtti -fno-exceptions conftest.c >&5
cc1: warning: command line option '-fno-rtti' is valid for C++/ObjC++ but not for C [enabled by default]
configure:7272: $? = 0
configure:7285: result: no
configure:7305: checking for gcc option to produce PIC
configure:7577: result: -fPIC -DPIC
configure:7589: checking if gcc PIC flag -fPIC -DPIC works
configure:7607: gcc -c -g -O2  -fPIC -DPIC -DPIC conftest.c >&5
configure:7611: $? = 0
configure:7624: result: yes
configure:7648: checking if gcc static flag -static works
configure:7676: result: yes
configure:7691: checking if gcc supports -c -o file.o
configure:7712: gcc -c -g -O2  -o out/conftest2.o conftest.c >&5
configure:7716: $? = 0
configure:7738: result: yes
configure:7746: checking if gcc supports -c -o file.o
configure:7793: result: yes
configure:7826: checking whether the gcc linker (/usr/bin/ld) supports shared libraries
configure:8817: result: yes
configure:9056: checking dynamic linker characteristics
configure:9489: gcc -o conftest -g -O2   -Wl,-rpath -Wl,/foo conftest.c  >&5
configure:9489: $? = 0
configure:9719: result: GNU/Linux ld.so
configure:9821: checking how to hardcode library paths into programs
configure:9846: result: immediate
configure:10366: checking whether stripping libraries is possible
configure:10371: result: yes
configure:10406: checking if libtool supports shared libraries
configure:10408: result: yes
configure:10411: checking whether to build shared libraries
configure:10432: result: no
configure:10435: checking whether to build static libraries
configure:10439: result: yes
configure:10475: checking for gethostbyaddr_r
configure:10475: gcc -o conftest -g -O2   conftest.c  >&5
configure:10475: $? = 0
configure:10475: result: yes
configure:10481: checking for gethostbyname_r
configure:10481: gcc -o conftest -g -O2   conftest.c  >&5
configure:10481: $? = 0
configure:10481: result: yes
configure:10487: checking for poll
configure:10487: gcc -o conftest -g -O2   conftest.c  >&5
configure:10487: $? = 0
configure:10487: result: yes
configure:10493: checking for fcntl
configure:10493: gcc -o conftest -g -O2   conftest.c  >&5
configure:10493: $? = 0
configure:10493: result: yes
configure:10499: checking for inet_pton
configure:10499: gcc -o conftest -g -O2   conftest.c  >&5
configure:10499: $? = 0
configure:10499: result: yes
configure:10505: checking for inet_ntop
configure:10505: gcc -o conftest -g -O2   conftest.c  >&5
configure:10505: $? = 0
configure:10505: result: yes
configure:10512: checking for struct msghdr.msg_flags
configure:10512: gcc -c -g -O2  conftest.c >&5
configure:10512: $? = 0
configure:10512: result: yes
configure:10520: checking for socklen_t
configure:10520: gcc -c -g -O2  conftest.c >&5
configure:10520: $? = 0
configure:10520: gcc -c -g -O2  conftest.c >&5
conftest.c: In function 'main':
conftest.c:37:24: error: expected expression before ')' token
configure:10520: $? = 1
configure: failed program was:
| /* confdefs.h */
| #define PACKAGE_NAME "libenet"
| #define PACKAGE_TARNAME "libenet"
| #define PACKAGE_VERSION "1.3.0"
| #define PACKAGE_STRING "libenet 1.3.0"
| #define PACKAGE_BUGREPORT ""
| #define PACKAGE_URL ""
| #define PACKAGE "libenet"
| #define VERSION "1.3.0"
| #define STDC_HEADERS 1
| #define HAVE_SYS_TYPES_H 1
| #define HAVE_SYS_STAT_H 1
| #define HAVE_STDLIB_H 1
| #define HAVE_STRING_H 1
| #define HAVE_MEMORY_H 1
| #define HAVE_STRINGS_H 1
| #define HAVE_INTTYPES_H 1
| #define HAVE_STDINT_H 1
| #define HAVE_UNISTD_H 1
| #define HAVE_DLFCN_H 1
| #define LT_OBJDIR ".libs/"
| #define HAS_GETHOSTBYADDR_R 1
| #define HAS_GETHOSTBYNAME_R 1
| #define HAS_POLL 1
| #define HAS_FCNTL 1
| #define HAS_INET_PTON 1
| #define HAS_INET_NTOP 1
| #define HAS_MSGHDR_FLAGS 1
| /* end confdefs.h.  */
| #include <sys/types.h>
|               #include <sys/socket.h>
| 
| 
| int
| main ()
| {
| if (sizeof ((socklen_t)))
| 	    return 0;
|   ;
|   return 0;
| }
configure:10520: result: yes
conftest.c:31:37: fatal error: /usr/include/sys/socket.h: No such file or directory
compilation terminated.
conftest.c:31:20: fatal error: socket.h: No such file or directory
compilation terminated.
configure:10727: creating ./config.status

## ---------------- ##
## Cache variables. ##
## ---------------- ##

ac_cv_build=i686-pc-linux-gnu
ac_cv_c_compiler_gnu=yes
ac_cv_env_CC_set=
ac_cv_env_CC_value=
ac_cv_env_CFLAGS_set=
ac_cv_env_CFLAGS_value=
ac_cv_env_CPPFLAGS_set=
ac_cv_env_CPPFLAGS_value=
ac_cv_env_CPP_set=
ac_cv_env_CPP_value=
ac_cv_env_LDFLAGS_set=
ac_cv_env_LDFLAGS_value=
ac_cv_env_LIBS_set=
ac_cv_env_LIBS_value=
ac_cv_env_build_alias_set=
ac_cv_env_build_alias_value=
ac_cv_env_host_alias_set=
ac_cv_env_host_alias_value=
ac_cv_env_target_alias_set=
ac_cv_env_target_alias_value=
ac_cv_func_fcntl=yes
ac_cv_func_gethostbyaddr_r=yes
ac_cv_func_gethostbyname_r=yes
ac_cv_func_inet_ntop=yes
ac_cv_func_inet_pton=yes
ac_cv_func_poll=yes
ac_cv_header_dlfcn_h=yes
ac_cv_header_inttypes_h=yes
ac_cv_header_memory_h=yes
ac_cv_header_stdc=yes
ac_cv_header_stdint_h=yes
ac_cv_header_stdlib_h=yes
ac_cv_header_string_h=yes
ac_cv_header_strings_h=yes
ac_cv_header_sys_stat_h=yes
ac_cv_header_sys_types_h=yes
ac_cv_header_unistd_h=yes
ac_cv_host=i686-pc-linux-gnu
ac_cv_member_struct_msghdr_msg_flags=yes
ac_cv_objext=o
ac_cv_path_EGREP='/bin/grep -E'
ac_cv_path_FGREP='/bin/grep -F'
ac_cv_path_GREP=/bin/grep
ac_cv_path_SED=/bin/sed
ac_cv_path_install='/usr/bin/install -c'
ac_cv_path_mkdir=/bin/mkdir
ac_cv_prog_AWK=gawk
ac_cv_prog_CPP='gcc -E'
ac_cv_prog_ac_ct_AR=ar
ac_cv_prog_ac_ct_CC=gcc
ac_cv_prog_ac_ct_OBJDUMP=objdump
ac_cv_prog_ac_ct_RANLIB=ranlib
ac_cv_prog_ac_ct_STRIP=strip
ac_cv_prog_cc_c89=
ac_cv_prog_cc_g=yes
ac_cv_prog_make_make_set=yes
ac_cv_type_socklen_t=yes
am_cv_CC_dependencies_compiler_type=gcc3
lt_cv_deplibs_check_method=pass_all
lt_cv_file_magic_cmd='$MAGIC_CMD'
lt_cv_file_magic_test_file=
lt_cv_ld_reload_flag=-r
lt_cv_nm_interface='BSD nm'
lt_cv_objdir=.libs
lt_cv_path_LD=/usr/bin/ld
lt_cv_path_NM='/usr/bin/nm -B'
lt_cv_prog_compiler_c_o=yes
lt_cv_prog_compiler_pic_works=yes
lt_cv_prog_compiler_rtti_exceptions=no
lt_cv_prog_compiler_static_works=yes
lt_cv_prog_gnu_ld=yes
lt_cv_sys_global_symbol_pipe='sed -n -e '\''s/^.*[	 ]\([ABCDGIRSTW][ABCDGIRSTW]*\)[	 ][	 ]*\([_A-Za-z][_A-Za-z0-9]*\)$/\1 \2 \2/p'\'''
lt_cv_sys_global_symbol_to_c_name_address='sed -n -e '\''s/^: \([^ ]*\) $/  {\"\1\", (void *) 0},/p'\'' -e '\''s/^[ABCDGIRSTW]* \([^ ]*\) \([^ ]*\)$/  {"\2", (void *) \&\2},/p'\'''
lt_cv_sys_global_symbol_to_c_name_address_lib_prefix='sed -n -e '\''s/^: \([^ ]*\) $/  {\"\1\", (void *) 0},/p'\'' -e '\''s/^[ABCDGIRSTW]* \([^ ]*\) \(lib[^ ]*\)$/  {"\2", (void *) \&\2},/p'\'' -e '\''s/^[ABCDGIRSTW]* \([^ ]*\) \([^ ]*\)$/  {"lib\2", (void *) \&\2},/p'\'''
lt_cv_sys_global_symbol_to_cdecl='sed -n -e '\''s/^T .* \(.*\)$/extern int \1();/p'\'' -e '\''s/^[ABCDGIRSTW]* .* \(.*\)$/extern char \1;/p'\'''
lt_cv_sys_max_cmd_len=805306365

## ----------------- ##
## Output variables. ##
## ----------------- ##

ACLOCAL='${SHELL} /home/bram/graphox2/trunk/src/enet/missing --run aclocal-1.11'
AMDEPBACKSLASH='\'
AMDEP_FALSE='#'
AMDEP_TRUE=''
AMTAR='${SHELL} /home/bram/graphox2/trunk/src/enet/missing --run tar'
AR='ar'
AUTOCONF='${SHELL} /home/bram/graphox2/trunk/src/enet/missing --run autoconf'
AUTOHEADER='${SHELL} /home/bram/graphox2/trunk/src/enet/missing --run autoheader'
AUTOMAKE='${SHELL} /home/bram/graphox2/trunk/src/enet/missing --run automake-1.11'
AWK='gawk'
CC='gcc'
CCDEPMODE='depmode=gcc3'
CFLAGS='-g -O2'
CPP='gcc -E'
CPPFLAGS=''
CYGPATH_W='echo'
DEFS='-DPACKAGE_NAME=\"libenet\" -DPACKAGE_TARNAME=\"libenet\" -DPACKAGE_VERSION=\"1.3.0\" -DPACKAGE_STRING=\"libenet\ 1.3.0\" -DPACKAGE_BUGREPORT=\"\" -DPACKAGE_URL=\"\" -DPACKAGE=\"libenet\" -DVERSION=\"1.3.0\" -DSTDC_HEADERS=1 -DHAVE_SYS_TYPES_H=1 -DHAVE_SYS_STAT_H=1 -DHAVE_STDLIB_H=1 -DHAVE_STRING_H=1 -DHAVE_MEMORY_H=1 -DHAVE_STRINGS_H=1 -DHAVE_INTTYPES_H=1 -DHAVE_STDINT_H=1 -DHAVE_UNISTD_H=1 -DHAVE_DLFCN_H=1 -DLT_OBJDIR=\".libs/\" -DHAS_GETHOSTBYADDR_R=1 -DHAS_GETHOSTBYNAME_R=1 -DHAS_POLL=1 -DHAS_FCNTL=1 -DHAS_INET_PTON=1 -DHAS_INET_NTOP=1 -DHAS_MSGHDR_FLAGS=1 -DHAS_SOCKLEN_T=1'
DEPDIR='.deps'
DSYMUTIL=''
DUMPBIN=''
ECHO_C=''
ECHO_N='-n'
ECHO_T=''
EGREP='/bin/grep -E'
EXEEXT=''
FGREP='/bin/grep -F'
GREP='/bin/grep'
INSTALL_DATA='${INSTALL} -m 644'
INSTALL_PROGRAM='${INSTALL}'
INSTALL_SCRIPT='${INSTALL}'
INSTALL_STRIP_PROGRAM='$(install_sh) -c -s'
LD='/usr/bin/ld'
LDFLAGS=''
LIBOBJS=''
LIBS=''
LIBTOOL='$(SHELL) $(top_builddir)/libtool'
LIPO=''
LN_S='ln -s'
LTLIBOBJS=''
MAINT=''
MAINTAINER_MODE_FALSE='#'
MAINTAINER_MODE_TRUE=''
MAKEINFO='${SHELL} /home/bram/graphox2/trunk/src/enet/missing --run makeinfo'
MKDIR_P='/bin/mkdir -p'
NM='/usr/bin/nm -B'
NMEDIT=''
OBJDUMP='objdump'
OBJEXT='o'
OTOOL64=''
OTOOL=''
PACKAGE='libenet'
PACKAGE_BUGREPORT=''
PACKAGE_NAME='libenet'
PACKAGE_STRING='libenet 1.3.0'
PACKAGE_TARNAME='libenet'
PACKAGE_URL=''
PACKAGE_VERSION='1.3.0'
PATH_SEPARATOR=':'
RANLIB='ranlib'
SED='/bin/sed'
SET_MAKE=''
SHELL='/bin/sh'
STRIP='strip'
VERSION='1.3.0'
ac_ct_CC='gcc'
ac_ct_DUMPBIN=''
am__EXEEXT_FALSE=''
am__EXEEXT_TRUE='#'
am__fastdepCC_FALSE='#'
am__fastdepCC_TRUE=''
am__include='include'
am__isrc=''
am__leading_dot='.'
am__quote=''
am__tar='${AMTAR} chof - "$$tardir"'
am__untar='${AMTAR} xf -'
bindir='${exec_prefix}/bin'
build='i686-pc-linux-gnu'
build_alias=''
build_cpu='i686'
build_os='linux-gnu'
build_vendor='pc'
datadir='${datarootdir}'
datarootdir='${prefix}/share'
docdir='${datarootdir}/doc/${PACKAGE_TARNAME}'
dvidir='${docdir}'
exec_prefix='${prefix}'
host='i686-pc-linux-gnu'
host_alias=''
host_cpu='i686'
host_os='linux-gnu'
host_vendor='pc'
htmldir='${docdir}'
includedir='${prefix}/include'
infodir='${datarootdir}/info'
install_sh='${SHELL} /home/bram/graphox2/trunk/src/enet/install-sh'
libdir='${exec_prefix}/lib'
libexecdir='${exec_prefix}/libexec'
localedir='${datarootdir}/locale'
localstatedir='${prefix}/var'
lt_ECHO='echo'
mandir='${datarootdir}/man'
mkdir_p='/bin/mkdir -p'
oldincludedir='/usr/include'
pdfdir='${docdir}'
prefix='/usr/local'
program_transform_name='s,x,x,'
psdir='${docdir}'
sbindir='${exec_prefix}/sbin'
sharedstatedir='${prefix}/com'
sysconfdir='${prefix}/etc'
target_alias=''

## ----------- ##
## confdefs.h. ##
## ----------- ##

/* confdefs.h */
#define PACKAGE_NAME "libenet"
#define PACKAGE_TARNAME "libenet"
#define PACKAGE_VERSION "1.3.0"
#define PACKAGE_STRING "libenet 1.3.0"
#define PACKAGE_BUGREPORT ""
#define PACKAGE_URL ""
#define PACKAGE "libenet"
#define VERSION "1.3.0"
#define STDC_HEADERS 1
#define HAVE_SYS_TYPES_H 1
#define HAVE_SYS_STAT_H 1
#define HAVE_STDLIB_H 1
#define HAVE_STRING_H 1
#define HAVE_MEMORY_H 1
#define HAVE_STRINGS_H 1
#define HAVE_INTTYPES_H 1
#define HAVE_STDINT_H 1
#define HAVE_UNISTD_H 1
#define HAVE_DLFCN_H 1
#define LT_OBJDIR ".libs/"
#define HAS_GETHOSTBYADDR_R 1
#define HAS_GETHOSTBYNAME_R 1
#define HAS_POLL 1
#define HAS_FCNTL 1
#define HAS_INET_PTON 1
#define HAS_INET_NTOP 1
#define HAS_MSGHDR_FLAGS 1
#define HAS_SOCKLEN_T 1

configure: exit 0

## ---------------------- ##
## Running config.status. ##
## ---------------------- ##

This file was extended by libenet config.status 1.3.0, which was
generated by GNU Autoconf 2.68.  Invocation command line was

  CONFIG_FILES    = 
  CONFIG_HEADERS  = 
  CONFIG_LINKS    = 
  CONFIG_COMMANDS = 
  $ ./config.status 

on bram-GAME-pc

config.status:998: creating Makefile
config.status:998: creating libenet.pc
config.status:1170: executing depfiles commands
config.status:1170: executing libtool commands
